<?xml version="1.0" encoding="UTF-8"?>
<!-- Generated by org.testng.reporters.JUnitReportReporter -->
<testsuite hostname="NIMMALA" failures="0" tests="3" name="restAssuredapi.testType2.oAuthTwoZero.TC1_AuthAccess_To_Test_DB" time="3.379" errors="0" timestamp="2025-02-02T21:16:18 IST" skipped="0">
  <testcase classname="restAssuredapi.testType2.oAuthTwoZero.TC1_AuthAccess_To_Test_DB" name="TC01_Step2_Verify_CoursesDB" time="1.195"/>
  <testcase classname="restAssuredapi.testType2.oAuthTwoZero.TC1_AuthAccess_To_Test_DB" name="TC01_Step1_GenerateToken" time="2.163"/>
  <testcase classname="restAssuredapi.testType2.oAuthTwoZero.TC1_AuthAccess_To_Test_DB" name="TC01_Step3_Verify_DataInNodeWise" time="0.021"/>
</testsuite> <!-- restAssuredapi.testType2.oAuthTwoZero.TC1_AuthAccess_To_Test_DB -->
