<?xml version="1.0" encoding="UTF-8"?>
<!-- Generated by org.testng.reporters.JUnitReportReporter -->
<testsuite hostname="NIMMALA" failures="0" tests="2" name="restAssuredapi.testType2.oAuthTwoZero.TC1_AuthAccess_To_Test_DB" time="2.024" errors="0" timestamp="2025-02-01T22:03:09 IST" skipped="0">
  <testcase classname="restAssuredapi.testType2.oAuthTwoZero.TC1_AuthAccess_To_Test_DB" name="TC01_Step2_Verify_CoursesDB" time="0.149"/>
  <testcase classname="restAssuredapi.testType2.oAuthTwoZero.TC1_AuthAccess_To_Test_DB" name="TC01_Step1_GenerateToken" time="1.875"/>
</testsuite> <!-- restAssuredapi.testType2.oAuthTwoZero.TC1_AuthAccess_To_Test_DB -->
