<?xml version="1.0" encoding="UTF-8"?>
<!-- Generated by org.testng.reporters.JUnitReportReporter -->
<testsuite hostname="NIMMALA" failures="0" tests="3" name="restAssureapi.testType3.serialization.TC02_googleMapsUpdate" time="1.971" errors="0" timestamp="2025-02-02T22:18:19 IST" skipped="0">
  <testcase classname="restAssureapi.testType3.serialization.TC02_googleMapsUpdate" name="TC02_Step1_setGoogleMapsObjects" time="0.010"/>
  <testcase classname="restAssureapi.testType3.serialization.TC02_googleMapsUpdate" name="TC02_Step2_Update_MapLocation" time="1.958"/>
  <testcase classname="restAssureapi.testType3.serialization.TC02_googleMapsUpdate" name="TC02_Step3_VerifyUpdatedData" time="0.003"/>
</testsuite> <!-- restAssureapi.testType3.serialization.TC02_googleMapsUpdate -->
