<?xml version="1.0" encoding="UTF-8"?>
<!-- Generated by org.testng.reporters.JUnitReportReporter -->
<testsuite hostname="NIMMALA" failures="0" tests="1" name="restAssureapi.testType3.serialization.TC03_googleMapsUpdateSpecBuilder" time="1.750" errors="0" timestamp="2025-02-08T14:19:28 IST" skipped="0">
  <testcase classname="restAssureapi.testType3.serialization.TC03_googleMapsUpdateSpecBuilder" name="Test01_GoogleMapsUpdate" time="1.750"/>
</testsuite> <!-- restAssureapi.testType3.serialization.TC03_googleMapsUpdateSpecBuilder -->
