<?xml version="1.0" encoding="UTF-8"?>
<!-- Generated by org.testng.reporters.JUnitReportReporter -->
<testsuite hostname="NIMMALA" failures="0" tests="3" name="restAssuredapi.testType2.oAuthTwoZero.TC1_AuthAccess_To_Test_DB" time="3.317" errors="0" timestamp="2025-02-02T19:41:52 IST" skipped="0">
  <testcase classname="restAssuredapi.testType2.oAuthTwoZero.TC1_AuthAccess_To_Test_DB" name="TC01_Step2_Verify_CoursesDB" time="1.191"/>
  <testcase classname="restAssuredapi.testType2.oAuthTwoZero.TC1_AuthAccess_To_Test_DB" name="TC01_Step1_GenerateToken" time="2.115"/>
  <testcase classname="restAssuredapi.testType2.oAuthTwoZero.TC1_AuthAccess_To_Test_DB" name="TC01_Step3_Verify_DataInNodeWise" time="0.011"/>
</testsuite> <!-- restAssuredapi.testType2.oAuthTwoZero.TC1_AuthAccess_To_Test_DB -->
