<?xml version="1.0" encoding="UTF-8"?>
<!-- Generated by org.testng.reporters.JUnitReportReporter -->
<testsuite hostname="NIMMALA" failures="0" tests="3" name="restAssureapi.testType3.serialization.TC02_googleMapsUpdate" time="1.682" errors="0" timestamp="2025-02-08T14:15:36 IST" skipped="0">
  <testcase classname="restAssureapi.testType3.serialization.TC02_googleMapsUpdate" name="TC02_Step1_setGoogleMapsObjects" time="0.009"/>
  <testcase classname="restAssureapi.testType3.serialization.TC02_googleMapsUpdate" name="TC02_Step2_Update_MapLocation" time="1.668"/>
  <testcase classname="restAssureapi.testType3.serialization.TC02_googleMapsUpdate" name="TC02_Step3_VerifyUpdatedData" time="0.005"/>
</testsuite> <!-- restAssureapi.testType3.serialization.TC02_googleMapsUpdate -->
